<?xml version="1.0" encoding="UTF-8"?>
<testsuite name="PrefixExpressionsTest" tests="1" skipped="0" failures="0" errors="0" timestamp="2015-01-09T05:32:18" hostname="Andrewss-MacBook-Pro.local" time="0.001">
  <properties/>
  <testcase name="testSomeLibraryMethod" classname="PrefixExpressionsTest" time="0.001"/>
  <system-out><![CDATA[]]></system-out>
  <system-err><![CDATA[]]></system-err>
</testsuite>
